[17-Apr-2024 20:17:56 UTC] PHP Warning:  PHP Startup: Unable to load dynamic library 'curl' (tried: C:/laragon/bin/php/php-8.3.6-Win32-vs16-x64/ext\curl (No se puede encontrar el módulo especificado), C:/laragon/bin/php/php-8.3.6-Win32-vs16-x64/ext\php_curl.dll (No se encontró el proceso especificado)) in Unknown on line 0
[17-Apr-2024 20:17:57 UTC] PHP Warning:  PHP Startup: Unable to load dynamic library 'curl' (tried: C:/laragon/bin/php/php-8.3.6-Win32-vs16-x64/ext\curl (No se puede encontrar el módulo especificado), C:/laragon/bin/php/php-8.3.6-Win32-vs16-x64/ext\php_curl.dll (No se encontró el proceso especificado)) in Unknown on line 0
[17-Apr-2024 20:21:01 UTC] PHP Warning:  PHP Startup: Unable to load dynamic library 'curl' (tried: C:/laragon/bin/php/php-8.3.6-Win32-vs16-x64/ext\curl (No se puede encontrar el módulo especificado), C:/laragon/bin/php/php-8.3.6-Win32-vs16-x64/ext\php_curl.dll (No se encontró el proceso especificado)) in Unknown on line 0
[17-Apr-2024 20:21:02 UTC] PHP Warning:  PHP Startup: Unable to load dynamic library 'curl' (tried: C:/laragon/bin/php/php-8.3.6-Win32-vs16-x64/ext\curl (No se puede encontrar el módulo especificado), C:/laragon/bin/php/php-8.3.6-Win32-vs16-x64/ext\php_curl.dll (No se encontró el proceso especificado)) in Unknown on line 0
[17-Apr-2024 20:38:41 UTC] PHP Warning:  PHP Startup: Unable to load dynamic library 'curl' (tried: C:/laragon/bin/php/php-8.3.6-Win32-vs16-x64/ext\curl (No se puede encontrar el módulo especificado), C:/laragon/bin/php/php-8.3.6-Win32-vs16-x64/ext\php_curl.dll (No se encontró el proceso especificado)) in Unknown on line 0
[17-Apr-2024 20:38:43 UTC] PHP Warning:  PHP Startup: Unable to load dynamic library 'curl' (tried: C:/laragon/bin/php/php-8.3.6-Win32-vs16-x64/ext\curl (No se puede encontrar el módulo especificado), C:/laragon/bin/php/php-8.3.6-Win32-vs16-x64/ext\php_curl.dll (No se encontró el proceso especificado)) in Unknown on line 0
[17-Apr-2024 20:39:02 UTC] PHP Warning:  PHP Startup: Unable to load dynamic library 'curl' (tried: C:/laragon/bin/php/php-8.3.6-Win32-vs16-x64/ext\curl (No se puede encontrar el módulo especificado), C:/laragon/bin/php/php-8.3.6-Win32-vs16-x64/ext\php_curl.dll (No se encontró el proceso especificado)) in Unknown on line 0
[17-Apr-2024 20:39:02 UTC] PHP Warning:  PHP Startup: Unable to load dynamic library 'curl' (tried: C:/laragon/bin/php/php-8.3.6-Win32-vs16-x64/ext\curl (No se puede encontrar el módulo especificado), C:/laragon/bin/php/php-8.3.6-Win32-vs16-x64/ext\php_curl.dll (No se encontró el proceso especificado)) in Unknown on line 0
[17-Apr-2024 20:39:18 UTC] PHP Warning:  require(C:\laragon\www\dani\public/../vendor/autoload.php): Failed to open stream: No such file or directory in C:\laragon\www\dani\public\index.php on line 13
[17-Apr-2024 20:39:18 UTC] PHP Fatal error:  Uncaught Error: Failed opening required 'C:\laragon\www\dani\public/../vendor/autoload.php' (include_path='.;C:/laragon/etc/php/pear') in C:\laragon\www\dani\public\index.php:13
Stack trace:
#0 {main}
  thrown in C:\laragon\www\dani\public\index.php on line 13
[17-Apr-2024 20:40:10 UTC] PHP Warning:  PHP Startup: Unable to load dynamic library 'curl' (tried: C:/laragon/bin/php/php-8.3.6-Win32-vs16-x64/ext\curl (No se puede encontrar el módulo especificado), C:/laragon/bin/php/php-8.3.6-Win32-vs16-x64/ext\php_curl.dll (No se encontró el proceso especificado)) in Unknown on line 0
[17-Apr-2024 20:40:11 UTC] PHP Warning:  PHP Startup: Unable to load dynamic library 'curl' (tried: C:/laragon/bin/php/php-8.3.6-Win32-vs16-x64/ext\curl (No se puede encontrar el módulo especificado), C:/laragon/bin/php/php-8.3.6-Win32-vs16-x64/ext\php_curl.dll (No se encontró el proceso especificado)) in Unknown on line 0
[17-Apr-2024 20:42:45 UTC] PHP Warning:  PHP Startup: Unable to load dynamic library 'curl' (tried: C:/laragon/bin/php/php-8.3.6-Win32-vs16-x64/ext\curl (No se puede encontrar el módulo especificado), C:/laragon/bin/php/php-8.3.6-Win32-vs16-x64/ext\php_curl.dll (No se encontró el proceso especificado)) in Unknown on line 0
[17-Apr-2024 20:42:46 UTC] PHP Warning:  PHP Startup: Unable to load dynamic library 'curl' (tried: C:/laragon/bin/php/php-8.3.6-Win32-vs16-x64/ext\curl (No se puede encontrar el módulo especificado), C:/laragon/bin/php/php-8.3.6-Win32-vs16-x64/ext\php_curl.dll (No se encontró el proceso especificado)) in Unknown on line 0
[17-Apr-2024 20:45:23 UTC] PHP Warning:  PHP Startup: Unable to load dynamic library 'curl' (tried: C:/laragon/bin/php/php-8.3.6-Win32-vs16-x64/ext\curl (No se puede encontrar el módulo especificado), C:/laragon/bin/php/php-8.3.6-Win32-vs16-x64/ext\php_curl.dll (No se encontró el proceso especificado)) in Unknown on line 0
[17-Apr-2024 20:45:24 UTC] PHP Warning:  PHP Startup: Unable to load dynamic library 'curl' (tried: C:/laragon/bin/php/php-8.3.6-Win32-vs16-x64/ext\curl (No se puede encontrar el módulo especificado), C:/laragon/bin/php/php-8.3.6-Win32-vs16-x64/ext\php_curl.dll (No se encontró el proceso especificado)) in Unknown on line 0
[17-Apr-2024 20:46:28 UTC] PHP Warning:  PHP Startup: Unable to load dynamic library 'curl' (tried: C:/laragon/bin/php/php-8.3.6-Win32-vs16-x64/ext\curl (No se puede encontrar el módulo especificado), C:/laragon/bin/php/php-8.3.6-Win32-vs16-x64/ext\php_curl.dll (No se encontró el proceso especificado)) in Unknown on line 0
[17-Apr-2024 20:46:29 UTC] PHP Warning:  PHP Startup: Unable to load dynamic library 'curl' (tried: C:/laragon/bin/php/php-8.3.6-Win32-vs16-x64/ext\curl (No se puede encontrar el módulo especificado), C:/laragon/bin/php/php-8.3.6-Win32-vs16-x64/ext\php_curl.dll (No se encontró el proceso especificado)) in Unknown on line 0
[17-Apr-2024 20:47:07 UTC] PHP Warning:  PHP Startup: Unable to load dynamic library 'curl' (tried: C:/laragon/bin/php/php-8.3.6-Win32-vs16-x64/ext\curl (No se puede encontrar el módulo especificado), C:/laragon/bin/php/php-8.3.6-Win32-vs16-x64/ext\php_curl.dll (No se encontró el proceso especificado)) in Unknown on line 0
[17-Apr-2024 20:47:08 UTC] PHP Warning:  PHP Startup: Unable to load dynamic library 'curl' (tried: C:/laragon/bin/php/php-8.3.6-Win32-vs16-x64/ext\curl (No se puede encontrar el módulo especificado), C:/laragon/bin/php/php-8.3.6-Win32-vs16-x64/ext\php_curl.dll (No se encontró el proceso especificado)) in Unknown on line 0
[24-Apr-2024 12:29:49 UTC] PHP Warning:  PHP Startup: Unable to load dynamic library 'curl' (tried: C:/laragon/bin/php/php-8.3.6-Win32-vs16-x64/ext\curl (No se puede encontrar el módulo especificado), C:/laragon/bin/php/php-8.3.6-Win32-vs16-x64/ext\php_curl.dll (No se encontró el proceso especificado)) in Unknown on line 0
[24-Apr-2024 12:29:50 UTC] PHP Warning:  PHP Startup: Unable to load dynamic library 'curl' (tried: C:/laragon/bin/php/php-8.3.6-Win32-vs16-x64/ext\curl (No se puede encontrar el módulo especificado), C:/laragon/bin/php/php-8.3.6-Win32-vs16-x64/ext\php_curl.dll (No se encontró el proceso especificado)) in Unknown on line 0
[24-Apr-2024 13:22:49 UTC] PHP Warning:  PHP Startup: Unable to load dynamic library 'curl' (tried: C:/laragon/bin/php/php-8.3.6-Win32-vs16-x64/ext\curl (No se puede encontrar el módulo especificado), C:/laragon/bin/php/php-8.3.6-Win32-vs16-x64/ext\php_curl.dll (No se encontró el proceso especificado)) in Unknown on line 0
[24-Apr-2024 13:22:51 UTC] PHP Warning:  PHP Startup: Unable to load dynamic library 'curl' (tried: C:/laragon/bin/php/php-8.3.6-Win32-vs16-x64/ext\curl (No se puede encontrar el módulo especificado), C:/laragon/bin/php/php-8.3.6-Win32-vs16-x64/ext\php_curl.dll (No se encontró el proceso especificado)) in Unknown on line 0
[24-Apr-2024 13:24:26 UTC] PHP Warning:  PHP Startup: Unable to load dynamic library 'curl' (tried: C:/laragon/bin/php/php-8.3.6-Win32-vs16-x64/ext\curl (No se puede encontrar el módulo especificado), C:/laragon/bin/php/php-8.3.6-Win32-vs16-x64/ext\php_curl.dll (No se encontró el proceso especificado)) in Unknown on line 0
[24-Apr-2024 13:24:27 UTC] PHP Warning:  PHP Startup: Unable to load dynamic library 'curl' (tried: C:/laragon/bin/php/php-8.3.6-Win32-vs16-x64/ext\curl (No se puede encontrar el módulo especificado), C:/laragon/bin/php/php-8.3.6-Win32-vs16-x64/ext\php_curl.dll (No se encontró el proceso especificado)) in Unknown on line 0
[24-Apr-2024 14:20:29 UTC] PHP Warning:  PHP Startup: Unable to load dynamic library 'curl' (tried: C:/laragon/bin/php/php-8.3.6-Win32-vs16-x64/ext\curl (No se puede encontrar el módulo especificado), C:/laragon/bin/php/php-8.3.6-Win32-vs16-x64/ext\php_curl.dll (No se encontró el proceso especificado)) in Unknown on line 0
[24-Apr-2024 14:20:29 UTC] PHP Warning:  PHP Startup: Unable to load dynamic library 'curl' (tried: C:/laragon/bin/php/php-8.3.6-Win32-vs16-x64/ext\curl (No se puede encontrar el módulo especificado), C:/laragon/bin/php/php-8.3.6-Win32-vs16-x64/ext\php_curl.dll (No se encontró el proceso especificado)) in Unknown on line 0
[24-Apr-2024 14:53:23 UTC] PHP Warning:  PHP Startup: Unable to load dynamic library 'curl' (tried: C:/laragon/bin/php/php-8.3.6-Win32-vs16-x64/ext\curl (No se puede encontrar el módulo especificado), C:/laragon/bin/php/php-8.3.6-Win32-vs16-x64/ext\php_curl.dll (No se encontró el proceso especificado)) in Unknown on line 0
[24-Apr-2024 14:53:23 UTC] PHP Warning:  PHP Startup: Unable to load dynamic library 'curl' (tried: C:/laragon/bin/php/php-8.3.6-Win32-vs16-x64/ext\curl (No se puede encontrar el módulo especificado), C:/laragon/bin/php/php-8.3.6-Win32-vs16-x64/ext\php_curl.dll (No se encontró el proceso especificado)) in Unknown on line 0
