::1 - - [17/Apr/2024:14:53:17 -0500] "GET / HTTP/1.1" 200 1765
::1 - - [17/Apr/2024:14:53:18 -0500] "GET /favicon.ico HTTP/1.1" 404 196
::1 - - [17/Apr/2024:15:39:04 -0500] "GET / HTTP/1.1" 200 1763
::1 - - [17/Apr/2024:15:39:13 -0500] "GET /dani HTTP/1.1" 301 230
::1 - - [17/Apr/2024:15:39:13 -0500] "GET /dani/ HTTP/1.1" 200 1376
::1 - - [17/Apr/2024:15:39:18 -0500] "GET /dani/public/ HTTP/1.1" 200 513
::1 - - [17/Apr/2024:15:39:42 -0500] "GET /test01 HTTP/1.1" 301 232
::1 - - [17/Apr/2024:15:39:42 -0500] "GET /test01/ HTTP/1.1" 200 1202
::1 - - [17/Apr/2024:15:39:44 -0500] "GET /test01/public/ HTTP/1.1" 500 1122778
::1 - - [17/Apr/2024:15:47:37 -0500] "GET / HTTP/1.1" 200 1763
::1 - - [17/Apr/2024:15:47:46 -0500] "GET /daniel HTTP/1.1" 301 232
::1 - - [17/Apr/2024:15:47:46 -0500] "GET /daniel/ HTTP/1.1" 200 1202
::1 - - [17/Apr/2024:15:47:49 -0500] "GET /daniel/public/ HTTP/1.1" 500 1122778
::1 - - [17/Apr/2024:15:54:47 -0500] "GET / HTTP/1.1" 200 1763
::1 - - [17/Apr/2024:15:54:57 -0500] "GET /daniel/ HTTP/1.1" 200 1202
::1 - - [17/Apr/2024:15:54:59 -0500] "GET /daniel/public/ HTTP/1.1" 500 1122778
::1 - - [24/Apr/2024:07:31:14 -0500] "GET / HTTP/1.1" 200 1763
::1 - - [24/Apr/2024:07:31:15 -0500] "GET /favicon.ico HTTP/1.1" 404 196
::1 - - [24/Apr/2024:07:31:30 -0500] "GET /dani HTTP/1.1" 301 230
::1 - - [24/Apr/2024:07:31:30 -0500] "GET /dani/ HTTP/1.1" 200 1198
::1 - - [24/Apr/2024:07:31:33 -0500] "GET /dani/public/ HTTP/1.1" 500 1122196
::1 - - [24/Apr/2024:07:32:03 -0500] "GET / HTTP/1.1" 200 1763
::1 - - [24/Apr/2024:07:32:09 -0500] "GET /daniel HTTP/1.1" 301 232
::1 - - [24/Apr/2024:07:32:09 -0500] "GET /daniel/ HTTP/1.1" 200 1202
::1 - - [24/Apr/2024:07:32:11 -0500] "GET /daniel/public/ HTTP/1.1" 500 1122888
::1 - - [24/Apr/2024:07:36:12 -0500] "GET / HTTP/1.1" 200 1763
::1 - - [24/Apr/2024:07:36:12 -0500] "GET /favicon.ico HTTP/1.1" 404 196
::1 - - [24/Apr/2024:07:36:20 -0500] "GET /dani HTTP/1.1" 301 230
::1 - - [24/Apr/2024:07:36:20 -0500] "GET /dani/ HTTP/1.1" 200 1198
::1 - - [24/Apr/2024:07:36:22 -0500] "GET /dani/public/ HTTP/1.1" 500 1122086
::1 - - [24/Apr/2024:07:47:00 -0500] "GET / HTTP/1.1" 200 1763
::1 - - [24/Apr/2024:07:47:06 -0500] "GET /dani/ HTTP/1.1" 200 1198
::1 - - [24/Apr/2024:07:47:07 -0500] "GET /dani/public/ HTTP/1.1" 500 1122086
::1 - - [24/Apr/2024:07:48:21 -0500] "GET /dani/public/ HTTP/1.1" 500 1122142
::1 - - [24/Apr/2024:07:53:26 -0500] "GET /dani/public/ HTTP/1.1" 500 1122142
::1 - - [24/Apr/2024:07:53:42 -0500] "GET / HTTP/1.1" 200 1763
::1 - - [24/Apr/2024:07:53:47 -0500] "GET /dani/ HTTP/1.1" 200 1198
::1 - - [24/Apr/2024:07:53:48 -0500] "GET /dani/public/ HTTP/1.1" 500 1122086
::1 - - [24/Apr/2024:07:58:49 -0500] "GET / HTTP/1.1" 200 1763
::1 - - [24/Apr/2024:07:58:56 -0500] "GET /daniel HTTP/1.1" 301 232
::1 - - [24/Apr/2024:07:58:56 -0500] "GET /daniel/ HTTP/1.1" 200 1202
::1 - - [24/Apr/2024:07:58:58 -0500] "GET /daniel/public/ HTTP/1.1" 500 1122778
::1 - - [24/Apr/2024:08:03:13 -0500] "GET / HTTP/1.1" 200 1763
::1 - - [24/Apr/2024:08:04:23 -0500] "GET /96 HTTP/1.1" 404 196
::1 - - [24/Apr/2024:08:05:17 -0500] "GET /96 HTTP/1.1" 404 196
::1 - - [24/Apr/2024:08:05:17 -0500] "GET /96 HTTP/1.1" 404 196
::1 - - [24/Apr/2024:08:05:23 -0500] "GET /33 HTTP/1.1" 301 228
::1 - - [24/Apr/2024:08:05:23 -0500] "GET /33/ HTTP/1.1" 200 1194
::1 - - [24/Apr/2024:08:05:25 -0500] "GET /33/public/ HTTP/1.1" 500 1121394
::1 - - [24/Apr/2024:08:24:50 -0500] "GET / HTTP/1.1" 200 1763
::1 - - [24/Apr/2024:08:24:50 -0500] "GET /favicon.ico HTTP/1.1" 404 196
::1 - - [24/Apr/2024:08:25:02 -0500] "GET /p HTTP/1.1" 301 227
::1 - - [24/Apr/2024:08:25:02 -0500] "GET /p/ HTTP/1.1" 200 1192
::1 - - [24/Apr/2024:08:25:03 -0500] "GET /p/public/ HTTP/1.1" 200 34018
::1 - - [24/Apr/2024:08:45:54 -0500] "GET /p/public/ HTTP/1.1" 404 6603
::1 - - [24/Apr/2024:08:45:56 -0500] "GET /p/public/ HTTP/1.1" 404 6603
::1 - - [24/Apr/2024:08:46:02 -0500] "GET /p/public/ HTTP/1.1" 200 34018
::1 - - [24/Apr/2024:09:14:05 -0500] "GET /p/public/ HTTP/1.1" 500 1128112
::1 - - [24/Apr/2024:09:15:35 -0500] "GET /p/public/ HTTP/1.1" 500 1038263
::1 - - [24/Apr/2024:09:17:26 -0500] "GET /33/ HTTP/1.1" 200 1194
::1 - - [24/Apr/2024:09:17:28 -0500] "GET /33/public/ HTTP/1.1" 200 34018
::1 - - [24/Apr/2024:09:19:09 -0500] "GET /dani/ HTTP/1.1" 200 1198
::1 - - [24/Apr/2024:09:19:11 -0500] "GET /dani/public/ HTTP/1.1" 500 1128635
::1 - - [24/Apr/2024:09:19:28 -0500] "GET /dani/public/ HTTP/1.1" 500 1128635
::1 - - [24/Apr/2024:09:19:34 -0500] "GET /daniel/ HTTP/1.1" 200 1202
::1 - - [24/Apr/2024:09:19:36 -0500] "GET /daniel/public/ HTTP/1.1" 500 1129331
::1 - - [24/Apr/2024:09:21:31 -0500] "GET / HTTP/1.1" 200 1763
::1 - - [24/Apr/2024:09:21:38 -0500] "GET /ooo HTTP/1.1" 301 229
::1 - - [24/Apr/2024:09:21:38 -0500] "GET /ooo/ HTTP/1.1" 200 1196
::1 - - [24/Apr/2024:09:21:40 -0500] "GET /ooo/public/ HTTP/1.1" 200 19
::1 - - [24/Apr/2024:09:25:33 -0500] "GET /ooo/public/pagina HTTP/1.1" 200 24
::1 - - [24/Apr/2024:09:29:13 -0500] "GET /ooo/public/pagina/daniiii HTTP/1.1" 500 1116696
::1 - - [24/Apr/2024:09:29:53 -0500] "GET /ooo/public/pagina/xd HTTP/1.1" 200 26
