[Wed Apr 17 10:04:44.760969 2024] [mpm_winnt:notice] [pid 34364:tid 204] AH00455: Apache/2.4.54 (Win64) OpenSSL/1.1.1q PHP/8.1.10 configured -- resuming normal operations
[Wed Apr 17 10:04:44.760969 2024] [mpm_winnt:notice] [pid 34364:tid 204] AH00456: Apache Lounge VS16 Server built: Jun 22 2022 09:58:15
[Wed Apr 17 10:04:44.760969 2024] [core:notice] [pid 34364:tid 204] AH00094: Command line: 'C:\\laragon\\bin\\apache\\httpd-2.4.54-win64-VS16\\bin\\httpd -d C:/laragon/bin/apache/httpd-2.4.54-win64-VS16'
[Wed Apr 17 10:04:44.763435 2024] [mpm_winnt:notice] [pid 34364:tid 204] AH00418: Parent: Created child process 4300
Apache server restarting...
2024] [mpm_winnt:notice] [pid 4300:tid 384] AH00354: Child: Starting 64 worker threads.
[Wed Apr 17 15:05:48.691945 2024] [mpm_winnt:notice] [pid 34364:tid 204] AH00424: Parent: Received restart signal -- Restarting the server.
[Wed Apr 17 15:05:49.181376 2024] [mpm_winnt:notice] [pid 34364:tid 204] AH00455: Apache/2.4.54 (Win64) OpenSSL/1.1.1q PHP/8.1.10 configured -- resuming normal operations
[Wed Apr 17 15:05:49.181376 2024] [mpm_winnt:notice] [pid 34364:tid 204] AH00456: Apache Lounge VS16 Server built: Jun 22 2022 09:58:15
[Wed Apr 17 15:05:49.181376 2024] [core:notice] [pid 34364:tid 204] AH00094: Command line: 'C:\\laragon\\bin\\apache\\httpd-2.4.54-win64-VS16\\bin\\httpd -d C:/laragon/bin/apache/httpd-2.4.54-win64-VS16'
[Wed Apr 17 15:05:49.186430 2024] [mpm_winnt:notice] [pid 34364:tid 204] AH00418: Parent: Created child process 26096
Apache server restarting...
2024] [mpm_winnt:notice] [pid 26096:tid 392] AH00354: Child: Starting 64 worker threads.
[Wed Apr 17 15:05:50.710670 2024] [mpm_winnt:notice] [pid 4300:tid 384] AH00364: Child: All worker threads have exited.
[Wed Apr 17 15:17:54.854577 2024] [mpm_winnt:notice] [pid 34364:tid 204] AH00424: Parent: Received restart signal -- Restarting the server.
[Wed Apr 17 15:17:56.222504 2024] [mpm_winnt:notice] [pid 34364:tid 204] AH00455: Apache/2.4.54 (Win64) OpenSSL/1.1.1q PHP/8.3.6 configured -- resuming normal operations
[Wed Apr 17 15:17:56.222504 2024] [mpm_winnt:notice] [pid 34364:tid 204] AH00456: Apache Lounge VS16 Server built: Jun 22 2022 09:58:15
[Wed Apr 17 15:17:56.222504 2024] [core:notice] [pid 34364:tid 204] AH00094: Command line: 'C:\\laragon\\bin\\apache\\httpd-2.4.54-win64-VS16\\bin\\httpd -d C:/laragon/bin/apache/httpd-2.4.54-win64-VS16'
[Wed Apr 17 15:17:56.224925 2024] [mpm_winnt:notice] [pid 34364:tid 204] AH00418: Parent: Created child process 6688
Apache server interrupted...
024] [mpm_winnt:notice] [pid 26096:tid 392] AH00364: Child: All worker threads have exited.
[Wed Apr 17 15:17:57.654035 2024] [mpm_winnt:notice] [pid 6688:tid 388] AH00354: Child: Starting 64 worker threads.
[Wed Apr 17 15:20:43.306820 2024] [mpm_winnt:notice] [pid 34364:tid 204] AH00422: Parent: Received shutdown signal -- Shutting down the server.
[Wed Apr 17 15:20:45.323736 2024] [mpm_winnt:notice] [pid 6688:tid 388] AH00364: Child: All worker threads have exited.
[Wed Apr 17 15:20:59.686196 2024] [core:warn] [pid 10104:tid 420] AH00098: pid file C:/laragon/bin/apache/httpd-2.4.54-win64-VS16/logs/httpd.pid overwritten -- Unclean shutdown of previous Apache run?
[Wed Apr 17 15:21:01.157427 2024] [mpm_winnt:notice] [pid 10104:tid 420] AH00455: Apache/2.4.54 (Win64) OpenSSL/1.1.1q PHP/8.3.6 configured -- resuming normal operations
[Wed Apr 17 15:21:01.157427 2024] [mpm_winnt:notice] [pid 10104:tid 420] AH00456: Apache Lounge VS16 Server built: Jun 22 2022 09:58:15
[Wed Apr 17 15:21:01.157427 2024] [core:notice] [pid 10104:tid 420] AH00094: Command line: 'C:\\laragon\\bin\\apache\\httpd-2.4.54-win64-VS16\\bin\\httpd -d C:/laragon/bin/apache/httpd-2.4.54-win64-VS16'
[Wed Apr 17 15:21:01.160956 2024] [mpm_winnt:notice] [pid 10104:tid 420] AH00418: Parent: Created child process 12248
Apache server restarting...
2024] [mpm_winnt:notice] [pid 12248:tid 392] AH00354: Child: Starting 64 worker threads.
[Wed Apr 17 15:38:40.571553 2024] [mpm_winnt:notice] [pid 10104:tid 420] AH00424: Parent: Received restart signal -- Restarting the server.
[Wed Apr 17 15:38:41.943498 2024] [mpm_winnt:notice] [pid 10104:tid 420] AH00455: Apache/2.4.54 (Win64) OpenSSL/1.1.1q PHP/8.3.6 configured -- resuming normal operations
[Wed Apr 17 15:38:41.944498 2024] [mpm_winnt:notice] [pid 10104:tid 420] AH00456: Apache Lounge VS16 Server built: Jun 22 2022 09:58:15
[Wed Apr 17 15:38:41.944498 2024] [core:notice] [pid 10104:tid 420] AH00094: Command line: 'C:\\laragon\\bin\\apache\\httpd-2.4.54-win64-VS16\\bin\\httpd -d C:/laragon/bin/apache/httpd-2.4.54-win64-VS16'
[Wed Apr 17 15:38:41.947597 2024] [mpm_winnt:notice] [pid 10104:tid 420] AH00418: Parent: Created child process 20916
Apache server interrupted...
024] [mpm_winnt:notice] [pid 12248:tid 392] AH00364: Child: All worker threads have exited.
[Wed Apr 17 15:38:43.462159 2024] [mpm_winnt:notice] [pid 20916:tid 404] AH00354: Child: Starting 64 worker threads.
[Wed Apr 17 15:38:49.279248 2024] [mpm_winnt:notice] [pid 10104:tid 420] AH00422: Parent: Received shutdown signal -- Shutting down the server.
[Wed Apr 17 15:38:51.302011 2024] [mpm_winnt:notice] [pid 20916:tid 404] AH00364: Child: All worker threads have exited.
[Wed Apr 17 15:39:00.833530 2024] [core:warn] [pid 23880:tid 364] AH00098: pid file C:/laragon/bin/apache/httpd-2.4.54-win64-VS16/logs/httpd.pid overwritten -- Unclean shutdown of previous Apache run?
[Wed Apr 17 15:39:02.134711 2024] [mpm_winnt:notice] [pid 23880:tid 364] AH00455: Apache/2.4.54 (Win64) OpenSSL/1.1.1q PHP/8.3.6 configured -- resuming normal operations
[Wed Apr 17 15:39:02.134711 2024] [mpm_winnt:notice] [pid 23880:tid 364] AH00456: Apache Lounge VS16 Server built: Jun 22 2022 09:58:15
[Wed Apr 17 15:39:02.134711 2024] [core:notice] [pid 23880:tid 364] AH00094: Command line: 'C:\\laragon\\bin\\apache\\httpd-2.4.54-win64-VS16\\bin\\httpd -d C:/laragon/bin/apache/httpd-2.4.54-win64-VS16'
[Wed Apr 17 15:39:02.136713 2024] [mpm_winnt:notice] [pid 23880:tid 364] AH00418: Parent: Created child process 17684
Apache server interrupted...
024] [mpm_winnt:notice] [pid 17684:tid 392] AH00354: Child: Starting 64 worker threads.
[Wed Apr 17 15:40:02.376732 2024] [mpm_winnt:notice] [pid 23880:tid 364] AH00422: Parent: Received shutdown signal -- Shutting down the server.
[Wed Apr 17 15:40:04.388518 2024] [mpm_winnt:notice] [pid 17684:tid 392] AH00364: Child: All worker threads have exited.
[Wed Apr 17 15:40:09.754902 2024] [core:warn] [pid 17048:tid 360] AH00098: pid file C:/laragon/bin/apache/httpd-2.4.54-win64-VS16/logs/httpd.pid overwritten -- Unclean shutdown of previous Apache run?
[Wed Apr 17 15:40:10.954420 2024] [mpm_winnt:notice] [pid 17048:tid 360] AH00455: Apache/2.4.54 (Win64) OpenSSL/1.1.1q PHP/8.3.6 configured -- resuming normal operations
[Wed Apr 17 15:40:10.954420 2024] [mpm_winnt:notice] [pid 17048:tid 360] AH00456: Apache Lounge VS16 Server built: Jun 22 2022 09:58:15
[Wed Apr 17 15:40:10.954420 2024] [core:notice] [pid 17048:tid 360] AH00094: Command line: 'C:\\laragon\\bin\\apache\\httpd-2.4.54-win64-VS16\\bin\\httpd -d C:/laragon/bin/apache/httpd-2.4.54-win64-VS16'
[Wed Apr 17 15:40:10.956412 2024] [mpm_winnt:notice] [pid 17048:tid 360] AH00418: Parent: Created child process 19136
Apache server interrupted...
024] [mpm_winnt:notice] [pid 19136:tid 360] AH00354: Child: Starting 64 worker threads.
[Wed Apr 17 15:41:09.336115 2024] [mpm_winnt:notice] [pid 17048:tid 360] AH00422: Parent: Received shutdown signal -- Shutting down the server.
[Wed Apr 17 15:41:11.352866 2024] [mpm_winnt:notice] [pid 19136:tid 360] AH00364: Child: All worker threads have exited.
[Wed Apr 17 15:42:45.114189 2024] [core:warn] [pid 20116:tid 360] AH00098: pid file C:/laragon/bin/apache/httpd-2.4.54-win64-VS16/logs/httpd.pid overwritten -- Unclean shutdown of previous Apache run?
[Wed Apr 17 15:42:45.972820 2024] [mpm_winnt:notice] [pid 20116:tid 360] AH00455: Apache/2.4.54 (Win64) OpenSSL/1.1.1q PHP/8.3.6 configured -- resuming normal operations
[Wed Apr 17 15:42:45.972820 2024] [mpm_winnt:notice] [pid 20116:tid 360] AH00456: Apache Lounge VS16 Server built: Jun 22 2022 09:58:15
[Wed Apr 17 15:42:45.972820 2024] [core:notice] [pid 20116:tid 360] AH00094: Command line: 'C:\\laragon\\bin\\apache\\httpd-2.4.54-win64-VS16\\bin\\httpd -d C:/laragon/bin/apache/httpd-2.4.54-win64-VS16'
[Wed Apr 17 15:42:45.973845 2024] [mpm_winnt:notice] [pid 20116:tid 360] AH00418: Parent: Created child process 10104
Apache server restarting...
2024] [mpm_winnt:notice] [pid 10104:tid 380] AH00354: Child: Starting 64 worker threads.
[Wed Apr 17 15:45:17.888628 2024] [mpm_winnt:notice] [pid 20116:tid 360] AH00424: Parent: Received restart signal -- Restarting the server.
[Wed Apr 17 15:45:19.906446 2024] [mpm_winnt:notice] [pid 10104:tid 380] AH00364: Child: All worker threads have exited.
[Wed Apr 17 15:45:23.086358 2024] [mpm_winnt:notice] [pid 20116:tid 360] AH00455: Apache/2.4.54 (Win64) OpenSSL/1.1.1q PHP/8.3.6 configured -- resuming normal operations
[Wed Apr 17 15:45:23.086358 2024] [mpm_winnt:notice] [pid 20116:tid 360] AH00456: Apache Lounge VS16 Server built: Jun 22 2022 09:58:15
[Wed Apr 17 15:45:23.086358 2024] [core:notice] [pid 20116:tid 360] AH00094: Command line: 'C:\\laragon\\bin\\apache\\httpd-2.4.54-win64-VS16\\bin\\httpd -d C:/laragon/bin/apache/httpd-2.4.54-win64-VS16'
[Wed Apr 17 15:45:23.086358 2024] [mpm_winnt:notice] [pid 20116:tid 360] AH00418: Parent: Created child process 22280
Apache server interrupted...
024] [mpm_winnt:notice] [pid 22280:tid 388] AH00354: Child: Starting 64 worker threads.
[Wed Apr 17 15:46:20.550524 2024] [mpm_winnt:notice] [pid 20116:tid 360] AH00422: Parent: Received shutdown signal -- Shutting down the server.
[Wed Apr 17 15:46:22.560345 2024] [mpm_winnt:notice] [pid 22280:tid 388] AH00364: Child: All worker threads have exited.
[Wed Apr 17 15:46:27.582020 2024] [core:warn] [pid 32232:tid 360] AH00098: pid file C:/laragon/bin/apache/httpd-2.4.54-win64-VS16/logs/httpd.pid overwritten -- Unclean shutdown of previous Apache run?
[Wed Apr 17 15:46:28.628693 2024] [mpm_winnt:notice] [pid 32232:tid 360] AH00455: Apache/2.4.54 (Win64) OpenSSL/1.1.1q PHP/8.3.6 configured -- resuming normal operations
[Wed Apr 17 15:46:28.628693 2024] [mpm_winnt:notice] [pid 32232:tid 360] AH00456: Apache Lounge VS16 Server built: Jun 22 2022 09:58:15
[Wed Apr 17 15:46:28.628693 2024] [core:notice] [pid 32232:tid 360] AH00094: Command line: 'C:\\laragon\\bin\\apache\\httpd-2.4.54-win64-VS16\\bin\\httpd -d C:/laragon/bin/apache/httpd-2.4.54-win64-VS16'
[Wed Apr 17 15:46:28.630684 2024] [mpm_winnt:notice] [pid 32232:tid 360] AH00418: Parent: Created child process 28696
Apache server restarting...
2024] [mpm_winnt:notice] [pid 28696:tid 356] AH00354: Child: Starting 64 worker threads.
[Wed Apr 17 15:47:03.391050 2024] [mpm_winnt:notice] [pid 32232:tid 360] AH00424: Parent: Received restart signal -- Restarting the server.
[Wed Apr 17 15:47:05.410610 2024] [mpm_winnt:notice] [pid 28696:tid 356] AH00364: Child: All worker threads have exited.
[Wed Apr 17 15:47:07.742314 2024] [mpm_winnt:notice] [pid 32232:tid 360] AH00455: Apache/2.4.54 (Win64) OpenSSL/1.1.1q PHP/8.3.6 configured -- resuming normal operations
[Wed Apr 17 15:47:07.742314 2024] [mpm_winnt:notice] [pid 32232:tid 360] AH00456: Apache Lounge VS16 Server built: Jun 22 2022 09:58:15
[Wed Apr 17 15:47:07.742314 2024] [core:notice] [pid 32232:tid 360] AH00094: Command line: 'C:\\laragon\\bin\\apache\\httpd-2.4.54-win64-VS16\\bin\\httpd -d C:/laragon/bin/apache/httpd-2.4.54-win64-VS16'
[Wed Apr 17 15:47:07.744316 2024] [mpm_winnt:notice] [pid 32232:tid 360] AH00418: Parent: Created child process 27116
[Wed Apr 17 15:47:08.361947 2024] [mpm_winnt:notice] [pid 27116:tid 356] AH00354: Child: Starting 64 worker threads.
[Wed Apr 24 07:29:46.040461 2024] [core:warn] [pid 34884:tid 208] AH00098: pid file C:/laragon/bin/apache/httpd-2.4.54-win64-VS16/logs/httpd.pid overwritten -- Unclean shutdown of previous Apache run?
[Wed Apr 24 07:29:49.422020 2024] [mpm_winnt:notice] [pid 34884:tid 208] AH00455: Apache/2.4.54 (Win64) OpenSSL/1.1.1q PHP/8.3.6 configured -- resuming normal operations
[Wed Apr 24 07:29:49.422020 2024] [mpm_winnt:notice] [pid 34884:tid 208] AH00456: Apache Lounge VS16 Server built: Jun 22 2022 09:58:15
[Wed Apr 24 07:29:49.422020 2024] [core:notice] [pid 34884:tid 208] AH00094: Command line: 'C:\\laragon\\bin\\apache\\httpd-2.4.54-win64-VS16\\bin\\httpd -d C:/laragon/bin/apache/httpd-2.4.54-win64-VS16'
[Wed Apr 24 07:29:49.436359 2024] [mpm_winnt:notice] [pid 34884:tid 208] AH00418: Parent: Created child process 31776
[Wed Apr 24 07:29:50.601174 2024] [mpm_winnt:notice] [pid 31776:tid 412] AH00354: Child: Starting 64 worker threads.
[Wed Apr 24 08:22:48.802387 2024] [core:warn] [pid 13212:tid 388] AH00098: pid file C:/laragon/bin/apache/httpd-2.4.54-win64-VS16/logs/httpd.pid overwritten -- Unclean shutdown of previous Apache run?
[Wed Apr 24 08:22:50.109611 2024] [mpm_winnt:notice] [pid 13212:tid 388] AH00455: Apache/2.4.54 (Win64) OpenSSL/1.1.1q PHP/8.3.6 configured -- resuming normal operations
[Wed Apr 24 08:22:50.109611 2024] [mpm_winnt:notice] [pid 13212:tid 388] AH00456: Apache Lounge VS16 Server built: Jun 22 2022 09:58:15
[Wed Apr 24 08:22:50.109611 2024] [core:notice] [pid 13212:tid 388] AH00094: Command line: 'C:\\laragon\\bin\\apache\\httpd-2.4.54-win64-VS16\\bin\\httpd -d C:/laragon/bin/apache/httpd-2.4.54-win64-VS16'
[Wed Apr 24 08:22:50.109611 2024] [mpm_winnt:notice] [pid 13212:tid 388] AH00418: Parent: Created child process 10152
Apache server restarting...
2024] [mpm_winnt:notice] [pid 10152:tid 376] AH00354: Child: Starting 64 worker threads.
[Wed Apr 24 08:24:25.315054 2024] [mpm_winnt:notice] [pid 13212:tid 388] AH00424: Parent: Received restart signal -- Restarting the server.
[Wed Apr 24 08:24:26.783364 2024] [mpm_winnt:notice] [pid 13212:tid 388] AH00455: Apache/2.4.54 (Win64) OpenSSL/1.1.1q PHP/8.3.6 configured -- resuming normal operations
[Wed Apr 24 08:24:26.783364 2024] [mpm_winnt:notice] [pid 13212:tid 388] AH00456: Apache Lounge VS16 Server built: Jun 22 2022 09:58:15
[Wed Apr 24 08:24:26.783364 2024] [core:notice] [pid 13212:tid 388] AH00094: Command line: 'C:\\laragon\\bin\\apache\\httpd-2.4.54-win64-VS16\\bin\\httpd -d C:/laragon/bin/apache/httpd-2.4.54-win64-VS16'
[Wed Apr 24 08:24:26.785447 2024] [mpm_winnt:notice] [pid 13212:tid 388] AH00418: Parent: Created child process 21676
Apache server interrupted...
024] [mpm_winnt:notice] [pid 10152:tid 376] AH00364: Child: All worker threads have exited.
[Wed Apr 24 08:24:27.909858 2024] [mpm_winnt:notice] [pid 21676:tid 396] AH00354: Child: Starting 64 worker threads.
[Wed Apr 24 09:20:19.998401 2024] [mpm_winnt:notice] [pid 13212:tid 388] AH00422: Parent: Received shutdown signal -- Shutting down the server.
[Wed Apr 24 09:20:22.018245 2024] [mpm_winnt:notice] [pid 21676:tid 396] AH00364: Child: All worker threads have exited.
[Wed Apr 24 09:20:27.867197 2024] [core:warn] [pid 12228:tid 360] AH00098: pid file C:/laragon/bin/apache/httpd-2.4.54-win64-VS16/logs/httpd.pid overwritten -- Unclean shutdown of previous Apache run?
[Wed Apr 24 09:20:29.287407 2024] [mpm_winnt:notice] [pid 12228:tid 360] AH00455: Apache/2.4.54 (Win64) OpenSSL/1.1.1q PHP/8.3.6 configured -- resuming normal operations
[Wed Apr 24 09:20:29.287407 2024] [mpm_winnt:notice] [pid 12228:tid 360] AH00456: Apache Lounge VS16 Server built: Jun 22 2022 09:58:15
[Wed Apr 24 09:20:29.287407 2024] [core:notice] [pid 12228:tid 360] AH00094: Command line: 'C:\\laragon\\bin\\apache\\httpd-2.4.54-win64-VS16\\bin\\httpd -d C:/laragon/bin/apache/httpd-2.4.54-win64-VS16'
[Wed Apr 24 09:20:29.287407 2024] [mpm_winnt:notice] [pid 12228:tid 360] AH00418: Parent: Created child process 14932
Apache server restarting...
2024] [mpm_winnt:notice] [pid 14932:tid 356] AH00354: Child: Starting 64 worker threads.
[Wed Apr 24 09:53:21.091975 2024] [mpm_winnt:notice] [pid 12228:tid 360] AH00424: Parent: Received restart signal -- Restarting the server.
[Wed Apr 24 09:53:23.108142 2024] [mpm_winnt:notice] [pid 12228:tid 360] AH00455: Apache/2.4.54 (Win64) OpenSSL/1.1.1q PHP/8.3.6 configured -- resuming normal operations
[Wed Apr 24 09:53:23.108142 2024] [mpm_winnt:notice] [pid 12228:tid 360] AH00456: Apache Lounge VS16 Server built: Jun 22 2022 09:58:15
[Wed Apr 24 09:53:23.108142 2024] [core:notice] [pid 12228:tid 360] AH00094: Command line: 'C:\\laragon\\bin\\apache\\httpd-2.4.54-win64-VS16\\bin\\httpd -d C:/laragon/bin/apache/httpd-2.4.54-win64-VS16'
[Wed Apr 24 09:53:23.110336 2024] [mpm_winnt:notice] [pid 12228:tid 360] AH00418: Parent: Created child process 27248
[Wed Apr 24 09:53:23.112314 2024] [mpm_winnt:notice] [pid 14932:tid 356] AH00364: Child: All worker threads have exited.
