4e20 start_logger              154 ---- 2024/04/17 15:47:14.039 -------------------------------------------------
4e20 start_logger              160 Host process is 'cmd.exe' (pid 20000)
4e20 start_logger              164 DLL path is 'C:\laragon\bin\cmder\vendor\clink'
4e20 start_logger              178 Windows version 10.0.22621 (x64)
4e20 start_logger              181 Clink version 1.2.46.69fc92 (x64)
4e20 hook_setter::hook_setter  156 >>> Started hook transaction.
4e20 hook_setter::attach_iat   313 Attempting to hook SetEnvironmentVariableW in IAT for module 00007FF772340000.
4e20 pe_info::iterate_imports  160 Found import in 'api-ms-win-core-processenvironment-l1-1-0.dll'
4e20 find_iat                  121 Found import at 00007FF772376E98 (value is 00007FFE6143B1A0).
4e20 hook_setter::attach_iat   313 Attempting to hook WriteConsoleW in IAT for module 00007FF772340000.
4e20 pe_info::iterate_imports  160 Found import in 'api-ms-win-core-console-l1-1-0.dll'
4e20 find_iat                  121 Found import at 00007FF772376AF0 (value is 00007FFE613FDAD0).
4e20 hook_setter::attach_iat   313 Attempting to hook GetEnvironmentVariableW in IAT for module 00007FF772340000.
4e20 pe_info::iterate_imports  160 Found import in 'api-ms-win-core-processenvironment-l1-1-0.dll'
4e20 find_iat                  121 Found import at 00007FF772376E68 (value is 00007FFE613E6960).
4e20 hook_setter::commit       204 <<< Hook transaction committed.
4e20 hook_setter::hook_setter  156 >>> Started hook transaction.
4e20 hook_setter::detach_iat   356 Attempting to unhook 00007FFDB5E2ADF0 from GetEnvironmentVariableW in IAT for module 00007FF772340000.
4e20 pe_info::iterate_imports  160 Found import in 'api-ms-win-core-processenvironment-l1-1-0.dll'
4e20 find_iat                  121 Found import at 00007FF772376E68 (value is 00007FFDB5E2ADF0).
4e20 hook_setter::commit       204 <<< Hook transaction committed.
4e20 hook_setter::hook_setter  156 >>> Started hook transaction.
4e20 hook_setter::attach_iat   313 Attempting to hook ReadConsoleW in IAT for module 00007FF772340000.
4e20 pe_info::iterate_imports  160 Found import in 'api-ms-win-core-console-l1-1-0.dll'
4e20 find_iat                  121 Found import at 00007FF772376AE8 (value is 00007FFE61476910).
4e20 hook_setter::commit       204 <<< Hook transaction committed.
4e20 reset_handle              145 resetting mismatched stdin handle
4e20 reset_handle              145 resetting mismatched stdout handle
4e20 reset_handle              145 resetting mismatched stderr handle
4e20 win_screen_buffer::begin  227 Using native terminal support; found 'ConEmuHk64.dll'.
4e20 reset_handle              145 resetting mismatched stdout handle
4e20 reset_handle              145 resetting mismatched stderr handle
4e20 history_db::initialise   1268 master bank ctag: |CTAG_1663167284_18455859_4204_0
4e20 history_db::compact      1492 History:  0 active, 0 deleted
